<?xml version="1.0" encoding="UTF-8"?>
<!-- Generated by org.testng.reporters.JUnitReportReporter -->
<testsuite hostname="sonyswetha" failures="0" tests="1" name="tests.PaymentPageTest" time="9.636" errors="0" timestamp="2025-09-09T15:32:54 IST" skipped="0">
  <testcase classname="tests.PaymentPageTest" name="verifyPaymentAndConfirmOrder" time="9.636"/>
</testsuite> <!-- tests.PaymentPageTest -->
