<?xml version="1.0" encoding="UTF-8"?>
<!-- Generated by org.testng.reporters.JUnitReportReporter -->
<testsuite hostname="sonyswetha" failures="0" tests="1" name="tests.RegisterUserTest" time="49.487" errors="0" timestamp="2025-09-08T23:52:33 IST" skipped="0">
  <testcase classname="tests.RegisterUserTest" name="testRegisterUser" time="49.487"/>
</testsuite> <!-- tests.RegisterUserTest -->
