<?xml version="1.0" encoding="UTF-8"?>
<!-- Generated by org.testng.reporters.JUnitReportReporter -->
<testsuite hostname="sonyswetha" failures="0" tests="1" name="tests.PaymentPageTest" time="18.897" errors="0" timestamp="2025-09-08T23:52:33 IST" skipped="0">
  <testcase classname="tests.PaymentPageTest" name="verifyPaymentAndConfirmOrder" time="18.897"/>
</testsuite> <!-- tests.PaymentPageTest -->
