<?xml version="1.0" encoding="UTF-8"?>
<!-- Generated by org.testng.reporters.JUnitReportReporter -->
<testsuite hostname="sonyswetha" failures="0" tests="2" name="tests.LoginTest" time="184.451" errors="0" timestamp="2025-09-09T15:32:54 IST" skipped="0">
  <testcase classname="tests.LoginTest" name="testValidLogin" time="173.823"/>
  <testcase classname="tests.LoginTest" name="testInvalidLogin" time="10.628"/>
</testsuite> <!-- tests.LoginTest -->
