<?xml version="1.0" encoding="UTF-8"?>
<!-- Generated by org.testng.reporters.JUnitReportReporter -->
<testsuite hostname="sonyswetha" failures="0" tests="1" name="tests.ProductsPageTest" time="38.190" errors="0" timestamp="2025-09-08T23:52:33 IST" skipped="0">
  <testcase classname="tests.ProductsPageTest" name="verifyAllProductsAndProductDetailPage" time="38.190"/>
</testsuite> <!-- tests.ProductsPageTest -->
