<?xml version="1.0" encoding="UTF-8"?>
<!-- Generated by org.testng.reporters.JUnitReportReporter -->
<testsuite hostname="sonyswetha" failures="0" tests="2" name="tests.LoginTest" time="20.466" errors="0" timestamp="2025-09-08T23:52:33 IST" skipped="0">
  <testcase classname="tests.LoginTest" name="testValidLogin" time="11.592"/>
  <testcase classname="tests.LoginTest" name="testInvalidLogin" time="8.874"/>
</testsuite> <!-- tests.LoginTest -->
