<?xml version="1.0" encoding="UTF-8"?>
<!-- Generated by org.testng.reporters.JUnitReportReporter -->
<testsuite hostname="sonyswetha" failures="0" tests="1" name="tests.RegisterUserTest" time="16.181" errors="0" timestamp="2025-09-09T15:32:54 IST" skipped="0">
  <testcase classname="tests.RegisterUserTest" name="testRegisterUser" time="16.181"/>
</testsuite> <!-- tests.RegisterUserTest -->
