<?xml version="1.0" encoding="UTF-8"?>
<!-- Generated by org.testng.reporters.JUnitReportReporter -->
<testsuite hostname="sonyswetha" failures="0" tests="3" name="tests.HomePageTest" time="57.093" errors="0" timestamp="2025-09-09T15:32:54 IST" skipped="0">
  <testcase classname="tests.HomePageTest" name="verifyHomePageIsVisible" time="7.653"/>
  <testcase classname="tests.HomePageTest" name="verifyNavigationToLoginPage" time="13.003"/>
  <testcase classname="tests.HomePageTest" name="verifyNavigationToProductsPage" time="36.437"/>
</testsuite> <!-- tests.HomePageTest -->
