<?xml version="1.0" encoding="UTF-8"?>
<!-- Generated by org.testng.reporters.JUnitReportReporter -->
<testsuite hostname="sonyswetha" failures="0" tests="3" name="tests.HomePageTest" time="111.416" errors="0" timestamp="2025-09-08T23:52:33 IST" skipped="0">
  <testcase classname="tests.HomePageTest" name="verifyHomePageIsVisible" time="7.075"/>
  <testcase classname="tests.HomePageTest" name="verifyNavigationToLoginPage" time="12.883"/>
  <testcase classname="tests.HomePageTest" name="verifyNavigationToProductsPage" time="91.458"/>
</testsuite> <!-- tests.HomePageTest -->
