<?xml version="1.0" encoding="UTF-8"?>
<!-- Generated by org.testng.reporters.JUnitReportReporter -->
<testsuite hostname="DESKTOP-0QNFGHB" failures="0" tests="1" name="tests.SubscriptionCartPage" time="6.585" errors="0" timestamp="2025-09-07T22:59:31 IST" skipped="0">
  <testcase classname="tests.SubscriptionCartPage" name="verifySubscriptionInCartPage" time="6.585"/>
</testsuite> <!-- tests.SubscriptionCartPage -->
