<?xml version="1.0" encoding="UTF-8"?>
<!-- Generated by org.testng.reporters.JUnitReportReporter -->
<testsuite hostname="DESKTOP-0QNFGHB" failures="0" tests="1" name="tests.ExistingEmail" time="8.446" errors="0" timestamp="2025-09-07T22:36:46 IST" skipped="0">
  <testcase classname="tests.ExistingEmail" name="registerUserWithExistingEmail" time="8.446"/>
</testsuite> <!-- tests.ExistingEmail -->
