<?xml version="1.0" encoding="UTF-8"?>
<!-- Generated by org.testng.reporters.JUnitReportReporter -->
<testsuite hostname="sonyswetha" failures="0" tests="1" name="tests.RegisterUserTest" time="20.381" errors="0" timestamp="2025-09-08T01:49:12 IST" skipped="0">
  <testcase classname="tests.RegisterUserTest" name="testRegisterUser" time="20.381"/>
</testsuite> <!-- tests.RegisterUserTest -->
