<?xml version="1.0" encoding="UTF-8"?>
<!-- Generated by org.testng.reporters.JUnitReportReporter -->
<testsuite hostname="DESKTOP-0QNFGHB" failures="0" tests="1" name="tests.ContactUsForm" time="14.828" errors="0" timestamp="2025-09-07T22:36:25 IST" skipped="0">
  <testcase classname="tests.ContactUsForm" name="contactUsFormTest" time="14.828"/>
</testsuite> <!-- tests.ContactUsForm -->
