<?xml version="1.0" encoding="UTF-8"?>
<!-- Generated by org.testng.reporters.JUnitReportReporter -->
<testsuite hostname="DESKTOP-0QNFGHB" failures="0" tests="1" name="tests.AddReviewOnProduct" time="9.324" errors="0" timestamp="2025-09-07T22:35:37 IST" skipped="0">
  <testcase classname="tests.AddReviewOnProduct" name="addReviewOnProduct" time="9.324"/>
</testsuite> <!-- tests.AddReviewOnProduct -->
