<?xml version="1.0" encoding="UTF-8"?>
<!-- Generated by org.testng.reporters.JUnitReportReporter -->
<testsuite hostname="sonyswetha" failures="0" tests="2" name="tests.LoginTest" time="35.243" errors="0" timestamp="2025-09-08T01:33:09 IST" skipped="0">
  <testcase classname="tests.LoginTest" name="testValidLogin" time="27.774"/>
  <testcase classname="tests.LoginTest" name="testInvalidLogin" time="7.469"/>
</testsuite> <!-- tests.LoginTest -->
