<?xml version="1.0" encoding="UTF-8"?>
<!-- Generated by org.testng.reporters.JUnitReportReporter -->
<testsuite hostname="sonyswetha" failures="0" tests="1" name="tests.Logout" time="16.677" errors="0" timestamp="2025-09-08T01:28:50 IST" skipped="0">
  <testcase classname="tests.Logout" name="logoutUser" time="16.677"/>
</testsuite> <!-- tests.Logout -->
