<?xml version="1.0" encoding="UTF-8"?>
<!-- Generated by org.testng.reporters.JUnitReportReporter -->
<testsuite hostname="DESKTOP-0QNFGHB" failures="0" tests="1" name="tests.ProductsPageTest" time="7.956" errors="0" timestamp="2025-09-07T22:42:58 IST" skipped="0">
  <testcase classname="tests.ProductsPageTest" name="verifyAllProductsAndProductDetailPage" time="7.956"/>
</testsuite> <!-- tests.ProductsPageTest -->
