<?xml version="1.0" encoding="UTF-8"?>
<!-- Generated by org.testng.reporters.JUnitReportReporter -->
<testsuite hostname="DESKTOP-0QNFGHB" failures="0" tests="1" name="tests.AddProductCart" time="9.230" errors="0" timestamp="2025-09-07T23:19:54 IST" skipped="0">
  <testcase classname="tests.AddProductCart" name="verifyViewProduct" time="9.230"/>
</testsuite> <!-- tests.AddProductCart -->
