<?xml version="1.0" encoding="UTF-8"?>
<!-- Generated by org.testng.reporters.JUnitReportReporter -->
<testsuite hostname="DESKTOP-0QNFGHB" failures="0" tests="3" name="tests.HomePageTest" time="43.057" errors="0" timestamp="2025-09-07T22:39:16 IST" skipped="0">
  <testcase classname="tests.HomePageTest" name="verifyHomePageIsVisible" time="4.984"/>
  <testcase classname="tests.HomePageTest" name="verifyNavigationToLoginPage" time="9.780"/>
  <testcase classname="tests.HomePageTest" name="verifyNavigationToProductsPage" time="28.293"/>
</testsuite> <!-- tests.HomePageTest -->
